timestamp: 2013-07-10T11:38:30.703099
CREATE TABLE auth_user(
    id INTEGER PRIMARY KEY AUTOINCREMENT,
    first_name CHAR(128),
    last_name CHAR(128),
    email CHAR(512),
    password CHAR(512),
    registration_key CHAR(512),
    reset_password_key CHAR(512),
    registration_id CHAR(512)
);
success!
timestamp: 2013-07-10T11:38:30.873197
CREATE TABLE auth_group(
    id INTEGER PRIMARY KEY AUTOINCREMENT,
    role CHAR(512),
    description TEXT
);
success!
timestamp: 2013-07-10T11:38:30.995813
CREATE TABLE auth_membership(
    id INTEGER PRIMARY KEY AUTOINCREMENT,
    user_id INTEGER REFERENCES auth_user (id) ON DELETE CASCADE,
    group_id INTEGER REFERENCES auth_group (id) ON DELETE CASCADE
);
success!
timestamp: 2013-07-10T11:38:31.151751
CREATE TABLE auth_permission(
    id INTEGER PRIMARY KEY AUTOINCREMENT,
    group_id INTEGER REFERENCES auth_group (id) ON DELETE CASCADE,
    name CHAR(512),
    table_name CHAR(512),
    record_id INTEGER
);
success!
timestamp: 2013-07-10T11:38:31.285385
CREATE TABLE auth_event(
    id INTEGER PRIMARY KEY AUTOINCREMENT,
    time_stamp TIMESTAMP,
    client_ip CHAR(512),
    user_id INTEGER REFERENCES auth_user (id) ON DELETE CASCADE,
    origin CHAR(512),
    description TEXT
);
success!
timestamp: 2013-07-10T11:38:31.419017
CREATE TABLE auth_cas(
    id INTEGER PRIMARY KEY AUTOINCREMENT,
    user_id INTEGER REFERENCES auth_user (id) ON DELETE CASCADE,
    created_on TIMESTAMP,
    service CHAR(512),
    ticket CHAR(512),
    renew CHAR(1)
);
success!
timestamp: 2013-07-10T22:18:51.734581
CREATE TABLE UsrQst(
    id INTEGER PRIMARY KEY AUTOINCREMENT,
    usrid CHAR(512),
    question TEXT
);
success!
timestamp: 2013-07-11T15:05:26.341646
CREATE TABLE Answer(
    id INTEGER PRIMARY KEY AUTOINCREMENT,
    qid CHAR(512),
    answer TEXT
);
success!
timestamp: 2013-07-11T15:24:46.494017
CREATE TABLE Codes(
    id INTEGER PRIMARY KEY AUTOINCREMENT,
    qid CHAR(512),
    Code TEXT
);
success!
timestamp: 2013-07-11T16:35:44.117456
ALTER TABLE Answer ADD byid CHAR(512);
timestamp: 2013-07-15T16:03:07.496634
ALTER TABLE UsrQst ADD tag CHAR(512);
timestamp: 2013-07-15T16:03:07.923641
CREATE TABLE Tags(
    id INTEGER PRIMARY KEY AUTOINCREMENT,
    name CHAR(512)
);
success!
